11:37:49.078:
USART3 has been initializedLooking for 40 kHzTRIGGER_THRESHOLD_VOLTS: 0.020000 VVALIDATION_THRESHOLD_VOLTS 0.080000 V
11:37:50.070:
$0.247035 -0.092550 0.964577 -0.270416 -0.67
11:37:50.086:
9098 0.247144 0.702370#
11:37:54.164:
$0.260259 -0.106507 0.959647
11:37:54.180:
 -0.263578 -0.761936 0.332030 0.693484#
11:37:58.258:
$0.262848 -
11:37:58.274:
0.097865 0.959861 -0.261038 -0.747554 0.286244 0.722348#
11:38:02.374:
$0.308873 -0.060078 0.949204 -0.068718 -0.962907 0.267252 0.764373#
11:38:04.406:
$0.278651 -0.090417 0.956127 -0.214322 -0
11:38:04.422:
.817631 0.291311 0.740643#
11:38:06.453:
$0.273293 -0.083066 0.958338 -0.
11:38:06.469:
208232 -0.788183 0.256290 0.740125#
11:38:08.500:
$0.276233 -0.084739 0.95
11:38:08.516:
7348 -0.167554 -0.841758 0.306321 0.702991#
11:38:10.547:
$0.293501 -0.08
11:38:10.563:
8399 0.951863 -0.166428 -0.901403 0.327915 0.739916#
11:38:12.594:
$0.2745
11:38:12.610:
28 -0.073662 0.958753 -0.155268 -0.818308 0.256665 0.716911#
11:38:14.662:
$0.281216 -0.058641 0.957851 -0.085211 -0.865062 0.242721 0.707552#
11:38:16.693:
$0.272993 -0.053863 0.960507 -0.056149 -0.85777
11:38:16.709:
3 0.245064 0.668858#
11:38:18.740:
$0.288959 -0.024346 0.957032 0.033807 
11:38:18.756:
-0.909839 0.169953 0.706079#
11:38:24.883:
$0.311415 0.0
11:38:24.899:
31544 0.949750 0.214179 -0.996725 0.037776 0.744769#
11:38:26.930:
$0.29
11:38:26.946:
4296 0.016766 0.955567 0.141371 -0.917374 0.047614 0.728390#
11:38:28.998:
$0.299755 0.015793 0.953886 0.121971 -0.915958 0.033655 0.760332#
11:38:31.029:
$0.301567 0.011336 0.953378 0.147462 -0.95897
11:38:31.045:
7 0.084069 0.727446#
11:38:33.076:
$0.287584 0.002315 0.957753 0.08517
11:38:33.092:
5 -0.882814 0.072227 0.725412#
11:38:35.123:
$0.302091 0.006480 0.953257
11:38:35.139:
 0.135155 -0.961713 0.098920 0.727639#
11:38:37.171:
$0.299531 0.025823 
11:38:37.187:
0.953737 0.191430 -0.956747 0.047023 0.718294#
11:38:39.219:
$0.282566 
11:38:39.235:
-0.002215 0.959245 0.067328 -0.863604 0.079714 0.716562#
11:38:41.266:
$
11:38:41.287:
0.301444 0.027929 0.953075 0.184181 -0.948958 0.027999 0.736778#
11:38:43.318:
$0.277170 0.030011 0.960352 0.181599 -0.872681 0.0
11:38:43.334:
13774 0.677309#
11:38:45.365:
$0.291238 0.029513 0.956195 0.195955 -0.92
11:38:45.381:
7765 0.030915 0.700895#
11:38:49.459:
$0.307218 0.036280 0.950
11:38:49.476:
947 0.228047 -0.985619 0.025164 0.732409#
11:38:51.506:
$0.289403 0.019
11:38:51.523:
842 0.957002 0.160826 -0.914546 0.049866 0.703854#
11:38:53.553:
$0.2877
11:38:53.569:
85 0.025690 0.957350 0.166376 -0.899220 0.022710 0.710134#
11:38:55.623:
$0.293330 0.030458 0.955526 0.182666 -0.917685 0.012340 0.722678#
11:38:57.654:
$0.277780 0.006549 0.960622 0.109023 -0.867414 
11:38:57.670:
0.072402 0.685989#
11:38:59.701:
$0.279886 0.024534 0.959720 0.173602 -
11:38:59.717:
0.887592 0.036404 0.677585#
11:39:01.748:
$0.273051 0.007681 0.961969 0.
11:39:01.764:
098730 -0.840731 0.055776 0.686225#
11:39:03.795:
$0.284422 0.010680 0.
11:39:03.811:
958640 0.129489 -0.894901 0.069765 0.695646#
11:39:05.842:
$0.288984 0.0
11:39:05.858:
23487 0.957046 0.161873 -0.904228 0.030528 0.711828#
11:39:07.889:
$0.2
11:39:07.910:
76894 0.007925 0.960868 0.109488 -0.861553 0.065170 0.686895#
11:39:09.941:
$0.293677 0.025511 0.955564 0.168805 -0.918625 0.0261
11:39:09.957:
41 0.723679#
11:39:11.988:
$0.280871 0.006388 0.959724 0.130213 -0.897
11:39:12.004:
697 0.094490 0.672994#
11:39:14.037:
$0.276968 0.020116 0.960668 0.142436
11:39:14.053:
 -0.860622 0.029944 0.688242#
11:39:16.084:
$0.287940 0.011920 0.95757
11:39:16.100:
4 0.156152 -0.927932 0.089491 0.682289#
11:39:18.131:
$0.278988 0.00713
11:39:18.147:
7 0.960268 0.100270 -0.860392 0.060356 0.699767#
11:39:20.177:
$0.26185
11:39:20.193:
9 -0.002189 0.965104 0.046042 -0.784348 0.058285 0.680021#
11:39:22.245:
$0.310898 0.043013 0.949470 0.290435 -1.039470 0.049900 0.699134#
11:39:24.276:
$0.290438 0.005723 0.956877 0.112933 -0.909025 0.0
11:39:24.292:
80930 0.715162#
11:39:26.323:
$0.298835 0.016106 0.954169 0.163251 -0.
11:39:26.339:
953791 0.073185 0.717355#
11:39:28.370:
$0.289228 0.010044 0.957208 0.09
11:39:28.386:
7574 -0.878200 0.041406 0.739221#
11:39:30.418:
$0.274582 0.010360 0.9
11:39:30.434:
61508 0.144865 -0.883657 0.086928 0.651864#
11:39:32.465:
$0.277097 0.0
11:39:32.481:
24311 0.960534 0.175761 -0.882578 0.039811 0.667006#
11:39:34.513:
$0.27
11:39:34.529:
9288 0.013607 0.960111 0.116064 -0.858935 0.039972 0.702899#
11:39:36.581:
$0.289497 0.025784 0.956832 0.196082 -0.933452 0.051896 0.685474#
11:39:38.612:
$0.293742 0.033633 0.955293 0.209475 -0.93676
11:39:38.628:
6 0.021394 0.705897#
11:39:40.659:
$0.290656 0.015454 0.956703 0.166338
11:39:40.675:
 -0.935829 0.079913 0.689578#
11:39:42.706:
$0.306715 0.030765 0.951304
11:39:42.722:
 0.222652 -0.994237 0.050608 0.720976#
11:39:44.753:
$0.306656 0.033193
11:39:44.769:
 0.951241 0.227453 -0.992083 0.041830 0.722800#
11:39:46.800:
$0.297062 
11:39:46.816:
0.017191 0.954703 0.164555 -0.947103 0.068418 0.714129#
11:39:48.869:
$0.283631 0.009060 0.958891 0.118135 -0.885864 0.067471 0.700258#
11:39:50.900:
$0.291114 0.014155 0.956583 0.154192 -0.928599 0.
11:39:50.916:
075035 0.699373#
11:39:52.947:
$0.280377 0.015231 0.959769 0.126594 -0.8
11:39:52.963:
67970 0.041419 0.699957#
11:39:54.994:
$0.290110 0.019647 0.956792 0.16
11:39:55.010:
7071 -0.923313 0.057202 0.699041#
11:39:57.041:
$0.300885 0.019017 0.95
11:39:57.057:
3471 0.180520 -0.968649 0.074170 0.713960#
11:39:59.088:
$0.272269 0.00
11:39:59.104:
3124 0.962216 0.099280 -0.851835 0.081808 0.670746#
11:40:01.135:
$0.283
11:40:01.151:
839 0.011142 0.958807 0.125225 -0.887712 0.062916 0.699571#
11:40:03.203:
$0.289355 0.019969 0.957013 0.168099 -0.921332 0.056430 0.696802#
11:40:05.235:
$0.302850 0.029132 0.952593 0.205438 -0.970781 
11:40:05.251:
0.042524 0.722820#
11:40:07.282:
$0.304360 0.027649 0.952156 0.208788 -
11:40:07.298:
0.982501 0.054171 0.719542#
11:40:09.330:
$0.290488 0.016041 0.956744 0
11:40:09.345:
.145231 -0.912614 0.055529 0.711854#
11:40:11.377:
$0.304380 0.033860 0.
11:40:11.393:
951949 0.242793 -0.999196 0.053442 0.702961#
11:40:13.424:
$0.299854 0.0
11:40:13.440:
19034 0.953795 0.159921 -0.945124 0.053481 0.731722#
11:40:15.471:
$0.2
11:40:15.492:
74749 0.009150 0.961473 0.125880 -0.868522 0.074714 0.667928#
11:40:17.523:
$0.300022 0.020621 0.953709 0.168228 -0.949463 0.05291
11:40:17.539:
4 0.728321#
11:40:19.570:
$0.298981 0.022201 0.954001 0.189271 -0.96317
11:40:19.586:
7 0.065119 0.708786#
11:40:23.665:
$0.297799 0.010174 0.954574
11:40:23.681:
 0.157494 -0.961724 0.100602 0.703628#
11:40:25.713:
$0.287401 0.022232 
11:40:25.729:
0.957552 0.156279 -0.897719 0.031954 0.709487#
11:40:27.760:
$0.282467 
11:40:27.776:
0.020482 0.959058 0.160335 -0.892873 0.045796 0.686742#
11:40:29.807:
$
11:40:29.828:
0.282162 0.010445 0.959310 0.132101 -0.891850 0.073688 0.686060#
11:40:31.859:
$0.289513 0.011072 0.957110 0.139588 -0.918138 0.07
11:40:31.875:
7673 0.700877#
11:40:33.906:
$0.283325 0.006359 0.959003 0.130134 -0.90
11:40:33.922:
4559 0.094572 0.679854#
11:40:35.953:
$0.282071 0.003329 0.959388 0.0918
11:40:35.969:
74 -0.871263 0.073256 0.706133#
11:40:38.000:
$0.304811 0.016896 0.952
11:40:38.016:
263 0.194599 -0.999638 0.100111 0.704928#
11:40:40.047:
$0.295471 0.01983
11:40:40.063:
3 0.955146 0.157737 -0.928448 0.046828 0.723883#
11:40:42.095:
$0.2908
11:40:42.112:
93 0.020745 0.956531 0.186383 -0.941743 0.070372 0.684988#
11:40:44.164:
$0.310228 0.028429 0.950237 0.218698 -1.006638 0.059718 0.728222#
11:40:46.195:
$0.285579 0.028240 0.957939 0.192595 -0.912142 0.
11:40:46.211:
034672 0.684876#
11:40:48.242:
$0.279749 -0.003193 0.960068 0.092233 -
11:40:48.258:
0.883368 0.110090 0.681045#
11:40:50.289:
$0.257309 -0.008281 0.966294 0.
11:40:50.305:
005476 -0.748093 0.051786 0.690831#
11:40:52.336:
$0.394473 0.048669 0.9
11:40:52.352:
17618 0.513046 -1.479950 0.240879 0.726025#
11:40:54.383:
$0.316948 0.0
11:40:54.399:
22265 0.948182 0.213657 -1.037620 0.089147 0.734815#
11:40:56.430:
$0.3
11:40:56.451:
35610 0.020763 0.941772 0.116527 -0.996873 0.000418 0.879928#
11:40:58.483:
$0.311933 0.016889 0.949954 0.179610 -1.004581 0.0851
11:40:58.500:
61 0.739810#
11:41:00.531:
$0.323296 0.003879 0.946290 0.144056 -1.03717
11:41:00.546:
9 0.122364 0.770760#
11:41:02.578:
$0.300449 -0.000676 0.953798 0.10265
11:41:02.594:
1 -0.944627 0.106429 0.735547#
11:41:04.625:
$0.279392 -0.016781 0.960030
11:41:04.641:
 0.008371 -0.836503 0.102215 0.725917#
11:41:06.672:
$0.334117 0.029186 0
11:41:06.688:
.942080 0.281596 -1.134215 0.118385 0.734233#
11:41:08.719:
$0.301845 0
11:41:08.735:
.000035 0.953357 0.096167 -0.940057 0.095969 0.747921#
11:41:10.766:
$0.
11:41:10.787:
322499 0.026782 0.946191 0.260492 -1.087348 0.110723 0.716133#
11:41:12.818:
$0.316635 -0.000264 0.948547 0.157138 -1.043219 0.15
11:41:12.834:
8613 0.727468#
11:41:14.866:
$0.342046 0.023432 0.939391 0.204355 -1.095
11:41:14.881:
233 0.073321 0.817557#
11:41:16.914:
$0.358574 0.042032 0.932554 0.2779
11:41:16.930:
83 -1.163068 0.042933 0.842152#
11:41:18.961:
$0.325109 -0.010490 0.9456
11:41:18.977:
18 0.103059 -1.041428 0.161721 0.776648#
11:41:21.008:
$0.339950 0.01949
11:41:21.024:
2 0.940241 0.185071 -1.081106 0.076070 0.819965#
11:41:23.055:
$0.33599
11:41:23.071:
9 0.009510 0.941814 0.179428 -1.092324 0.126244 0.786652#
11:41:25.123:
$0.310720 0.004681 0.950490 0.112825 -0.968542 0.086647 0.769070#
11:41:27.154:
$0.359097 0.045526 0.932189 0.359227 -1.236004 0.
11:41:27.170:
104636 0.772140#
11:41:29.201:
$0.316652 -0.001719 0.948540 0.082291 -0
11:41:29.217:
.972489 0.091903 0.798295#
11:41:31.248:
$0.341184 0.003056 0.939991 0.1
11:41:31.264:
52590 -1.098033 0.135502 0.809940#
11:41:33.296:
$0.328287 -0.004465 0.9
11:41:33.313:
44567 0.081102 -1.011510 0.106071 0.824338#
11:41:35.344:
$0.332715 0.013
11:41:35.360:
157 0.942936 0.175798 -1.069315 0.102220 0.791296#
11:41:37.391:
$0.318
11:41:37.407:
335 0.009486 0.947931 0.172969 -1.036543 0.119922 0.743652#
11:41:39.461:
$0.339711 0.005265 0.940515 0.175520 -1.110666 0.146079 0.789068#
11:41:41.490:
$0.320859 0.015274 0.947004 0.161533 -1.015978 
11:41:41.506:
0.076116 0.778329#
11:41:43.537:
$0.334513 0.026018 0.942032 0.226901 -
11:41:43.553:
1.089482 0.081401 0.781181#
11:41:45.584:
$0.376841 0.036251 0.925568 0
11:41:45.600:
.323025 -1.275351 0.120302 0.832024#
11:41:47.631:
$0.333903 0.014100 0.
11:41:47.647:
942502 0.157343 -1.051545 0.078494 0.815707#
11:41:49.678:
$0.380200 0
11:41:49.694:
.035669 0.924216 0.323574 -1.286918 0.124105 0.839239#
11:41:51.727:
$0.
11:41:51.748:
390767 0.041120 0.919571 0.325665 -1.303316 0.095715 0.881936#
11:41:53.779:
$0.404327 0.046663 0.913423 0.324563 -1.324629 0.06
11:41:53.795:
3615 0.936451#
11:41:55.826:
$0.402036 0.049718 0.914273 0.354059 -1.339
11:41:55.842:
177 0.076025 0.909093#
11:41:57.873:
$0.425421 0.044507 0.903900 0.3500
11:41:57.889:
29 -1.415105 0.101139 0.963938#
11:41:59.920:
$0.442171 0.046826 0.8957
11:41:59.936:
08 0.407198 -1.512624 0.145339 0.960086#
11:42:01.967:
$0.439792 0.05833
11:42:01.983:
6 0.896203 0.376137 -1.442729 0.049912 1.016680#
11:42:04.014:
$0.41568
11:42:04.030:
7 0.049965 0.908134 0.351173 -1.373769 0.071757 0.950839#
11:42:06.082:
$0.431904 0.056748 0.900133 0.404998 -1.453974 0.087654 0.961323#
11:42:08.114:
$0.401765 0.017907 0.915568 0.230698 -1.304004 0
11:42:08.130:
.130558 0.942747#
11:42:10.162:
$0.460645 0.051511 0.886088 0.360472 -1
11:42:10.177:
.504452 0.072411 1.071569#
11:42:12.209:
$0.438058 0.028751 0.898487 0.2
11:42:12.225:
86041 -1.430505 0.125261 1.019203#