11:10:27.621:
$-0.241915 0.415513 0.876827 1.385525 0.452713 -0.938111 -0.900127#
11:10:27.857:
USART3 has been initializedLooking for 40 kHzTRIGGER_THRESHOLD_VOLTS: 0.050000 VVALIDATION_THRESHOLD_VOLTS 0.100000 V
11:10:29.648:
$-
11:10:29.669:
0.233407 0.399596 0.886479 1.302198 0.467742 -0.932424 -0.837516#
11:10:31.701:
$-0.219437 0.437655 0.871955 1.476453 0.360845 -0.97
11:10:31.717:
1003 -0.866294#
11:10:33.748:
$-0.277712 0.416979 0.865450 1.378472 0.563
11:10:33.764:
957 -0.953362 -0.989067#
11:10:35.795:
$-0.263781 0.382940 0.885311 1.255
11:10:35.811:
453 0.552845 -0.886027 -0.922271#
11:10:37.842:
$-0.259354 0.423335 0.868
11:10:37.858:
057 1.423830 0.485038 -0.943544 -0.965323#
11:10:39.890:
$-0.217761 0.427
11:10:39.906:
715 0.877291 1.398570 0.406248 -0.993300 -0.811518#
11:10:41.937:
$-0.243
11:10:41.953:
298 0.405257 0.881234 1.362567 0.450856 -0.903711 -0.909713#
11:10:44.005:
$-0.266676 0.411008 0.871755 1.340315 0.554557 -0.958124 -0.936749#
11:10:46.036:
$-0.240853 0.424191 0.872956 1.412818 0.446715 
11:10:46.052:
-0.959347 -0.900186#
11:10:48.082:
$-0.255045 0.389970 0.884802 1.303872 0
11:10:48.098:
.499655 -0.876921 -0.926606#
11:10:50.129:
$-0.237282 0.435315 0.868446 1
11:10:50.145:
.420333 0.460317 -1.014039 -0.866611#
11:10:52.177:
$-0.246892 0.424437 0
11:10:52.193:
.871147 1.424173 0.452932 -0.949365 -0.927740#
11:10:54.224:
$-0.246669 0
11:10:54.240:
.420571 0.873083 1.368222 0.497450 -0.983697 -0.881975#
11:10:56.270:
$-0
11:10:56.291:
.243994 0.405333 0.881006 1.324458 0.491126 -0.942246 -0.873337#
11:10:58.323:
$-0.222399 0.432487 0.873781 1.403587 0.427541 -1.01
11:10:58.339:
4967 -0.816160#
11:11:00.370:
$-0.255011 0.419780 0.871065 1.381850 0.5049
11:11:00.386:
35 -0.965648 -0.921137#
11:11:02.417:
$-0.243952 0.423472 0.872444 1.3984
11:11:02.433:
72 0.467713 -0.969669 -0.896516#
11:11:04.464:
$-0.231727 0.415846 0.87941
11:11:04.481:
7 1.355140 0.455538 -0.970355 -0.840324#
11:11:06.511:
$-0.240029 0.41103
11:11:06.527:
9 0.879450 1.339445 0.481009 -0.959170 -0.861284#
11:11:08.558:
$-0.2427
11:11:08.574:
89 0.420344 0.874279 1.363428 0.490758 -0.987222 -0.866965#
11:11:10.627:
$-0.230066 0.427172 0.874410 1.405638 0.432068 -0.983196 -0.854510#
11:11:12.658:
$-0.226841 0.428033 0.874832 1.442819 0.388276 -0
11:11:12.674:
.950829 -0.880266#
11:11:14.706:
$-0.251304 0.386531 0.887378 1.265907 0.
11:11:14.722:
517546 -0.895655 -0.887798#
11:11:16.753:
$-0.261495 0.417887 0.870052 1.3
11:11:16.769:
72818 0.526805 -0.964093 -0.935530#
11:11:18.800:
$-0.284561 0.419047 0.8
11:11:18.816:
62221 1.450883 0.516477 -0.892514 -1.074846#
11:11:20.847:
$-0.238344 0.4
11:11:20.863:
31490 0.870063 1.399776 0.473147 -1.013201 -0.859722#
11:11:22.894:
$-0.2
11:11:22.915:
35035 0.417416 0.877794 1.344496 0.479822 -0.989779 -0.834539#
11:11:24.946:
$-0.247937 0.406331 0.879444 1.334956 0.494446 -0.937
11:11:24.962:
331 -0.892070#
11:11:26.993:
$-0.263867 0.413357 0.871499 1.373324 0.52026
11:11:27.009:
2 -0.938252 -0.955335#
11:11:29.041:
$-0.239727 0.414723 0.877802 1.375705
11:11:29.057:
 0.454205 -0.943513 -0.886396#
11:11:31.088:
$-0.228353 0.424302 0.876255
11:11:31.104:
 1.384547 0.440341 -0.988234 -0.836654#
11:11:33.136:
$-0.221452 0.415005
11:11:33.152:
 0.882457 1.346971 0.432629 -0.973824 -0.805776#
11:11:35.183:
$-0.231934
11:11:35.199:
 0.415356 0.879594 1.360124 0.449765 -0.962630 -0.847259#
11:11:37.230:
$-0
11:11:37.251:
.236550 0.421183 0.875585 1.367661 0.471429 -0.987681 -0.851409#
11:11:39.282:
$-0.214224 0.428295 0.877879 1.414022 0.382528 -0.9
11:11:39.298:
81093 -0.815457#
11:11:41.329:
$-0.225944 0.399685 0.888370 1.322585 0.426
11:11:41.345:
736 -0.912533 -0.836788#
11:11:43.376:
$-0.229471 0.411603 0.882001 1.356
11:11:43.392:
156 0.436352 -0.945611 -0.846898#
11:11:45.424:
$-0.253283 0.410770 0.8758
11:11:45.440:
51 1.326322 0.530439 -0.970787 -0.885974#
11:11:47.471:
$-0.240179 0.4068
11:11:47.487:
79 0.881342 1.318837 0.490404 -0.956514 -0.852726#
11:11:49.519:
$-0.2473
11:11:49.535:
47 0.401319 0.881909 1.318120 0.495616 -0.926136 -0.887600#
11:11:51.587:
$-0.224013 0.424788 0.877139 1.408867 0.405248 -0.966635 -0.847480#
11:11:53.618:
$-0.247151 0.407625 0.879067 1.337767 0.493053 -0
11:11:53.634:
.941753 -0.889066#
11:11:55.665:
$-0.233707 0.415360 0.879123 1.368599 0.4
11:11:55.681:
46260 -0.954182 -0.860677#
11:11:57.712:
$-0.244987 0.416523 0.875494 1.37
11:11:57.728:
7944 0.471704 -0.951337 -0.898311#
11:11:59.759:
$-0.237630 0.415127 0.87
11:11:59.775:
8181 1.359756 0.465420 -0.961720 -0.863456#
11:12:01.807:
$-0.230074 0.41
11:12:01.823:
8149 0.878759 1.342733 0.469765 -0.995641 -0.816857#
11:12:03.854:
$-0.234
11:12:03.870:
388 0.416917 0.878204 1.355496 0.465618 -0.975988 -0.845126#
11:12:05.922:
$-0.236968 0.405109 0.883025 1.336438 0.458874 -0.929015 -0.866298#
11:12:07.954:
$-0.243693 0.400472 0.883310 1.313403 0.487748 -
11:12:07.970:
0.926117 -0.875034#
11:12:10.001:
$-0.218317 0.405676 0.887561 1.368285 0
11:12:10.017:
.376465 -0.900339 -0.844411#
11:12:12.048:
$-0.223581 0.407441 0.885439 1.
11:12:12.064:
363735 0.400668 -0.914758 -0.849645#
11:12:14.095:
$-0.227635 0.411405 0
11:12:14.111:
.882569 1.374977 0.411844 -0.925683 -0.861138#
11:12:16.142:
$-0.238903 0.
11:12:16.158:
409957 0.880262 1.378829 0.435448 -0.913731 -0.900547#
11:12:18.190:
$-0.
11:12:18.211:
275851 0.374300 0.885328 1.293030 0.524857 -0.800129 -1.017758#
11:12:20.242:
$-0.213209 0.415657 0.884178 1.416516 0.341857 -0.907
11:12:20.258:
924 -0.850449#
11:12:22.289:
$-0.225670 0.410985 0.883269 1.343880 0.4362
11:12:22.305:
72 -0.954429 -0.825723#
11:12:24.337:
$-0.233792 0.415287 0.879135 1.40160
11:12:24.353:
5 0.413286 -0.920764 -0.894128#
11:12:26.384:
$-0.244483 0.413200 0.877208
11:12:26.400:
 1.343239 0.495712 -0.967463 -0.871488#
11:12:28.432:
$-0.247895 0.405029
11:12:28.448:
 0.880056 1.329825 0.495819 -0.935182 -0.890462#
11:12:30.478:
$-0.212475 
11:12:30.494:
0.424145 0.880316 1.430205 0.349848 -0.941700 -0.838353#
11:12:32.525:
$-
11:12:32.546:
0.237598 0.400634 0.884896 1.327664 0.456895 -0.912760 -0.871799#
11:12:34.577:
$-0.220686 0.394674 0.891925 1.326791 0.393818 -0.88
11:12:34.593:
0308 -0.840301#
11:12:36.624:
$-0.239273 0.406693 0.881674 1.344706 0.461
11:12:36.640:
480 -0.929601 -0.876585#
11:12:38.671:
$-0.239306 0.439880 0.865586 1.479
11:12:38.687:
619 0.419454 -0.980277 -0.918797#
11:12:40.718:
$-0.225674 0.397047 0.8896
11:12:40.734:
20 1.281727 0.459465 -0.938642 -0.802550#
11:12:42.766:
$-0.229759 0.41038
11:12:42.782:
5 0.882494 1.348120 0.441788 -0.946834 -0.843074#
11:12:44.813:
$-0.238055
11:12:44.829:
 0.422881 0.874358 1.406253 0.441793 -0.958585 -0.889460#
11:12:46.860:
$
11:12:46.881:
-0.262330 0.434063 0.861842 1.435546 0.511639 -0.991822 -0.955364#
11:12:48.913:
$-0.242194 0.446238 0.861518 1.470468 0.454458 -1.
11:12:48.929:
024986 -0.899940#
11:12:50.960:
$-0.231830 0.408805 0.882685 1.401227 0.3
11:12:50.976:
90052 -0.884893 -0.906386#
11:12:53.007:
$-0.260168 0.410963 0.873740 1.37
11:12:53.023:
5326 0.501224 -0.922862 -0.953687#
11:12:55.054:
$-0.239027 0.427932 0.871
11:12:55.070:
631 1.389485 0.475401 -1.003597 -0.861289#
11:12:57.101:
$-0.255598 0.4141
11:12:57.117:
95 0.873563 1.383707 0.489102 -0.932555 -0.940255#
11:12:59.148:
$-0.23837
11:12:59.164:
7 0.418539 0.876357 1.349674 0.487129 -0.990882 -0.845922#
11:13:01.217:
$-0.240622 0.425899 0.872188 1.428833 0.434827 -0.952879 -0.910781#
11:13:03.249:
$-0.259470 0.420829 0.869240 1.430262 0.471924 -0
11:13:03.265:
.923102 -0.979084#
11:13:05.296:
$-0.288919 0.413468 0.863464 1.387773 0.5
11:13:05.312:
76175 -0.924426 -1.039522#
11:13:07.343:
$-0.238289 0.417763 0.876751 1.3
11:13:07.359:
75610 0.458778 -0.960605 -0.873783#
11:13:09.390:
$-0.289971 0.415861 0.8
11:13:09.406:
61961 1.453353 0.520225 -0.872225 -1.101353#
11:13:11.437:
$-0.233714 0.43
11:13:11.454:
0968 0.871576 1.459083 0.399435 -0.950979 -0.907539#
11:13:13.485:
$-0.24
11:13:13.505:
8043 0.423052 0.871494 1.445810 0.430640 -0.919982 -0.956467#
11:13:15.535:
$-0.247058 0.423302 0.871652 1.402744 0.471651 -0.964448
11:13:15.551:
 -0.909947#
11:13:17.583:
$-0.247506 0.440980 0.862715 1.424911 0.500165 
11:13:17.600:
-1.041138 -0.883938#
11:13:19.631:
$-0.263945 0.421074 0.867773 1.412524 0
11:13:19.647:
.502859 -0.942207 -0.973175#
11:13:21.678:
$-0.266098 0.406281 0.874144 
11:13:21.694:
1.326807 0.553232 -0.945198 -0.934841#
11:13:23.725:
$-0.260745 0.404403 
11:13:23.741:
0.876624 1.326157 0.533664 -0.935348 -0.924472#
11:13:25.772:
$-0.230745 0
11:13:25.788:
.431895 0.871908 1.473645 0.379162 -0.941598 -0.911209#
11:13:27.819:
$-0.
11:13:27.840:
231372 0.418255 0.878367 1.372018 0.444407 -0.966952 -0.849473#
11:13:29.871:
$-0.300542 0.443246 0.844516 1.529916 0.549790 -0.9
11:13:29.887:
48805 -1.130901#
11:13:31.918:
$-0.257161 0.423709 0.868527 1.385653 0.518
11:13:31.934:
127 -0.983812 -0.919968#
11:13:33.965:
$-0.226402 0.417475 0.880032 1.3535
11:13:33.981:
75 0.446771 -0.981033 -0.819313#
11:13:36.013:
$-0.252081 0.421413 0.8711
11:13:36.029:
30 1.418574 0.464581 -0.938051 -0.945105#
11:13:38.060:
$-0.221684 0.429
11:13:38.076:
464 0.875452 1.402542 0.418135 -0.999109 -0.821569#
11:13:40.108:
$-0.236
11:13:40.124:
360 0.441080 0.865784 1.450940 0.443253 -1.015672 -0.878520#
11:13:42.176:
$-0.242803 0.419600 0.874633 1.356409 0.495737 -0.990081 -0.862065#
11:13:44.207:
$-0.259350 0.411364 0.873795 1.367867 0.507518 -
11:13:44.223:
0.932566 -0.942819#
11:13:46.254:
$-0.233859 0.422390 0.875726 1.413953 0
11:13:46.270:
.420988 -0.948139 -0.886802#
11:13:48.301:
$-0.247566 0.420525 0.872851 1
11:13:48.317:
.395530 0.472522 -0.956132 -0.911920#
11:13:50.348:
$-0.251261 0.430356 0.8
11:13:50.364:
66984 1.439335 0.466537 -0.967306 -0.938566#