11:03:35.551:
USART3 has been initializedLooki
11:03:35.572:
ng for 40 kHzTRIGGER_THRESHOLD_VOLTS: 0.050000 VVALIDATION_THRESHOLD_VOLTS 0.100000 V
11:03:35.986:
$0.020565 -0.225065 0.974127 -1.177402 0.490597 0.081207 0.605598#
11:03:38.017:
$0.084210 -0.198441 0.976489 -1.032434 0.242113 0.
11:03:38.033:
077286 0.713035#
11:03:40.065:
$-0.037434 -0.224603 0.973731 -1.246406 0.
11:03:40.081:
723062 0.009622 0.513722#
11:03:42.112:
$-0.030631 -0.307832 0.950948 -1.
11:03:42.128:
276621 0.501540 0.444837 0.330245#
11:03:44.159:
$-0.030527 -0.185280 0.9
11:03:44.175:
82211 -1.152548 0.719842 -0.116422 0.549129#
11:03:46.206:
$-0.059615 -0.32
11:03:46.222:
5459 0.943675 -1.338133 0.594808 0.481898 0.261428#
11:03:48.253:
$0.0183
11:03:48.269:
47 -0.200864 0.979447 -1.116382 0.503443 0.006893 0.606046#
11:03:50.322:
$-0.074204 -0.247052 0.966157 -1.250541 0.767240 0.131023 0.352278#
11:03:52.353:
$-0.061128 -0.248762 0.966634 -1.246597 0.72195
11:03:52.369:
3 0.144531 0.380114#
11:03:54.400:
$0.000128 -0.284756 0.958600 -1.294945
11:03:54.416:
 0.498380 0.297468 0.499097#
11:03:56.447:
$0.032240 -0.211253 0.976900 
11:03:56.463:
-1.069149 0.388317 0.112222 0.568610#
11:03:58.495:
$-0.042908 -0.275766 
11:03:58.511:
0.960267 -1.263389 0.612294 0.278752 0.372343#
11:04:00.542:
$-0.016362 -
11:04:00.558:
0.304925 0.952236 -1.355148 0.548296 0.350056 0.456796#
11:04:02.589:
$-0.
11:04:02.610:
004845 -0.260020 0.965591 -1.289858 0.576362 0.164227 0.549269#
11:04:04.641:
$-0.008605 -0.259043 0.965827 -1.277763 0.577512 0.17
11:04:04.657:
0860 0.529391#
11:04:06.689:
$-0.008364 -0.170867 0.985259 -1.087743 0.63
11:04:06.705:
3369 -0.132220 0.586594#
11:04:08.736:
$0.011367 -0.210915 0.977438 -1.1998
11:04:08.752:
89 0.578365 -0.020409 0.641933#
11:04:10.783:
$0.038242 -0.214151 0.97605
11:04:10.799:
2 -1.129612 0.423894 0.067965 0.637753#
11:04:12.830:
$-0.062986 -0.2277
11:04:12.846:
94 0.971670 -1.157709 0.696888 0.116163 0.344658#
11:04:14.878:
$-0.028278
11:04:14.894:
 -0.222288 0.974571 -1.249254 0.706784 -0.006175 0.548645#
11:04:16.925:
$
11:04:16.946:
0.031167 -0.112687 0.993142 -0.957279 0.555047 -0.327109 0.729341#
11:04:18.977:
$0.027686 -0.174027 0.984352 -1.090850 0.526840 -0
11:04:18.993:
.117657 0.681667#
11:04:21.024:
$0.036612 -0.193613 0.980395 -1.153746 0.
11:04:21.040:
510015 -0.071023 0.714754#
11:04:23.071:
$-0.046799 -0.223173 0.973655 -1
11:04:23.087:
.183631 0.690472 0.064397 0.428762#
11:04:25.119:
$-0.017235 -0.229717 0.9
11:04:25.135:
73105 -1.157577 0.563457 0.127046 0.467073#
11:04:27.166:
$0.028260 -0.1
11:04:27.182:
76077 0.983971 -1.101377 0.530028 -0.116717 0.688065#
11:04:29.212:
$-0.02
11:04:29.233:
6930 -0.286121 0.957815 -1.288871 0.564145 0.311177 0.413549#
11:04:31.264:
$0.029386 -0.180815 0.983078 -1.093755 0.506011 -0.08260
11:04:31.280:
2 0.670346#
11:04:33.312:
$-0.001018 -0.211478 0.977382 -1.151903 0.56343
11:04:33.328:
6 0.030724 0.557743#
11:04:35.359:
$-0.000872 -0.228668 0.973504 -1.18104
11:04:35.375:
3 0.544102 0.097715 0.539226#
11:04:37.405:
$-0.002229 -0.221707 0.975111
11:04:37.423:
 -1.191843 0.578161 0.047988 0.565694#
11:04:39.452:
$-0.019394 -0.228970 
11:04:39.468:
0.973240 -1.230997 0.645002 0.049450 0.536546#
11:04:41.499:
$-0.006484 
11:04:41.515:
-0.238077 0.971225 -1.198641 0.551084 0.132734 0.514823#
11:04:43.547:
$-0.
11:04:43.568:
050045 -0.232615 0.971281 -1.237875 0.727393 0.062953 0.447529#
11:04:45.598:
$-0.005221 -0.269450 0.963000 -1.272354 0.533545 0.2
11:04:45.614:
34464 0.504346#
11:04:47.645:
$-0.025633 -0.214400 0.976410 -1.209327 0.68
11:04:47.661:
1516 -0.010360 0.538171#
11:04:49.692:
$-0.052963 -0.295878 0.953756 -1.35
11:04:49.709:
1741 0.672527 0.302867 0.376347#
11:04:51.740:
$-0.034188 -0.248116 0.9681
11:04:51.756:
27 -1.214061 0.615896 0.173455 0.424709#
11:04:53.787:
$-0.036830 -0.2722
11:04:53.803:
09 0.961533 -1.248570 0.590426 0.273678 0.384466#
11:04:55.834:
$-0.04353
11:04:55.850:
1 -0.252462 0.966627 -1.230268 0.646076 0.181549 0.402643#
11:04:57.881:
$0
11:04:57.902:
.032877 -0.219499 0.975059 -1.116968 0.411299 0.110517 0.595153#
11:04:59.934:
$0.080417 -0.167834 0.982530 -1.072293 0.378158 -0
11:04:59.950:
.133729 0.827865#
11:05:01.980:
$0.000696 -0.227988 0.973664 -1.205889 0.
11:05:01.996:
566465 0.069067 0.570357#
11:05:04.027:
$-0.021998 -0.259829 0.965404 -1.
11:05:04.043:
256505 0.591507 0.196510 0.468488#
11:05:06.074:
$0.022044 -0.195862 0.98
11:05:06.090:
0384 -1.156043 0.546755 -0.060742 0.670030#
11:05:08.122:
$0.017669 -0.282
11:05:08.138:
327 0.959156 -1.300582 0.461765 0.278246 0.560571#
11:05:10.169:
$-0.045
11:05:10.185:
362 -0.243280 0.968895 -1.220173 0.666774 0.140299 0.413100#
11:05:12.237:
$0.034227 -0.248404 0.968052 -1.195018 0.404755 0.194106 0.596157#
11:05:14.268:
$-0.028381 -0.233831 0.971863 -1.200755 0.62629
11:05:14.284:
5 0.106876 0.467584#
11:05:16.316:
$0.019055 -0.202495 0.979098 -1.097639
11:05:16.331:
 0.478163 0.034754 0.584722#
11:05:18.363:
$-0.022376 -0.245489 0.969141
11:05:18.379:
 -1.250572 0.626726 0.122251 0.501596#
11:05:20.411:
$-0.025665 -0.209835 
11:05:20.426:
0.977400 -1.143118 0.628158 0.030324 0.484637#
11:05:22.457:
$-0.012577 -
11:05:22.473:
0.255796 0.966649 -1.244201 0.564137 0.186264 0.493801#