10:58:30.694:
USART3 h
10:58:30.715:
as been initializedLooking for 40 kHzTRIGGER_THRESHOLD_VOLTS: 0.050000 VVALIDATION_THRESHOLD_VOLTS 0.100000 V
10:58:30.839:
$-0.240781 0.157461 0.957722 0.513705 0.599818 -0.366848 -0.746676#
10:58:32.870:
$-0.194192 0.143642 0.970390 0.515257 0.429363 -0.28
10:58:32.886:
8020 -0.656600#
10:58:34.917:
$-0.225082 0.118150 0.967150 0.487439 0.472
10:58:34.933:
272 -0.173279 -0.786433#
10:58:36.964:
$-0.231760 0.163503 0.958934 0.5546
10:58:36.980:
48 0.550547 -0.359692 -0.745503#
10:58:39.011:
$-0.187677 0.142372 0.9718
10:58:39.027:
58 0.472440 0.450413 -0.323736 -0.599116#
10:58:41.058:
$-0.218925 0.1363
10:58:41.074:
06 0.966174 0.521732 0.471531 -0.240521 -0.752742#
10:58:43.106:
$-0.21176
10:58:43.122:
9 0.121374 0.969754 0.465507 0.465993 -0.213240 -0.718260#
10:58:45.175:
$-0.210219 0.145833 0.966716 0.502191 0.493367 -0.313337 -0.682222#
10:58:47.206:
$-0.227618 0.114598 0.966984 0.479237 0.477634 -0
10:58:47.222:
.161620 -0.795252#
10:58:49.253:
$-0.190465 0.143691 0.971121 0.524904 0.
10:58:49.269:
409431 -0.278647 -0.655688#
10:58:51.300:
$-0.193294 0.156962 0.968504 0.
10:58:51.316:
560631 0.418721 -0.317131 -0.662221#
10:58:53.346:
$-0.210058 0.125164 0.9
10:58:53.362:
69644 0.480595 0.456720 -0.219347 -0.717968#
10:58:55.393:
$-0.202054 0.13
10:58:55.410:
5887 0.969901 0.511839 0.433081 -0.248071 -0.696849#
10:58:57.440:
$-0.21
10:58:57.461:
0374 0.148815 0.966228 0.544444 0.459883 -0.287758 -0.716569#
10:58:59.492:
$-0.237853 0.106617 0.965432 0.460046 0.503130 -0.13618
10:58:59.508:
1 -0.826994#
10:59:01.541:
$-0.208262 0.148622 0.966715 0.533828 0.464056
10:59:01.557:
 -0.297297 -0.700587#
10:59:03.588:
$-0.245837 0.104494 0.963662 0.479644 
10:59:03.604:
0.499918 -0.104710 -0.874852#
10:59:05.635:
$-0.211186 0.135818 0.967964 
10:59:05.651:
0.534813 0.435446 -0.224708 -0.745551#
10:59:07.682:
$-0.204881 0.151601 
10:59:07.698:
0.966975 0.551151 0.445611 -0.296635 -0.700127#
10:59:11.776:
$-
10:59:11.797:
0.213572 0.127026 0.968634 0.481977 0.470368 -0.228379 -0.723967#
10:59:13.828:
$-0.267193 0.101152 0.958319 0.463163 0.566766 -0.1
10:59:13.844:
02498 -0.927431#
10:59:15.875:
$-0.211874 0.136280 0.967749 0.521550 0.45
10:59:15.891:
1922 -0.240554 -0.732919#
10:59:17.923:
$-0.214686 0.112287 0.970207 0.48
10:59:17.939:
2964 0.431287 -0.144970 -0.769281#
10:59:19.970:
$-0.226863 0.150514 0.962
10:59:19.986:
226 0.535273 0.519910 -0.306432 -0.748752#
10:59:22.018:
$-0.212389 0.128
10:59:22.034:
772 0.968663 0.484309 0.469612 -0.235810 -0.718111#
10:59:24.065:
$-0.211
10:59:24.081:
627 0.133052 0.968252 0.504303 0.459456 -0.239752 -0.724007#
10:59:26.133:
$-0.225719 0.136254 0.964617 0.486910 0.525204 -0.275050 -0.737063#
10:59:28.164:
$-0.308848 0.081488 0.947614 0.398214 0.693207 
10:59:28.180:
-0.057484 -1.033937#
10:59:30.211:
$-0.261835 0.138041 0.955190 0.519303 
10:59:30.227:
0.598790 -0.252650 -0.865443#
10:59:32.258:
$-0.218440 0.137614 0.966098 
10:59:32.274:
0.520962 0.474602 -0.248604 -0.746960#
10:59:34.305:
$-0.244223 0.101313 
10:59:34.321:
0.964412 0.450843 0.515310 -0.115721 -0.850432#
10:59:36.353:
$-0.218597 
10:59:36.369:
0.136937 0.966159 0.489663 0.504447 -0.276118 -0.717992#
10:59:38.400:
$-0
10:59:38.423:
.219829 0.128780 0.967001 0.454132 0.520614 -0.266032 -0.708713#
10:59:40.452:
$-0.246262 0.097033 0.964334 0.454509 0.505381 -0.0
10:59:40.468:
88122 -0.871768#
10:59:42.499:
$-0.226786 0.134421 0.964624 0.461743 0.54
10:59:42.515:
8227 -0.289965 -0.720005#
10:59:46.594:
$-0.217678 0.124291 0.9680
10:59:46.610:
75 0.468663 0.487515 -0.226395 -0.729783#
10:59:48.641:
$-0.208478 0.1604
10:59:48.657:
50 0.964776 0.555962 0.475599 -0.341307 -0.690254#
10:59:50.688:
$-0.2041
10:59:50.704:
04 0.143149 0.968427 0.519213 0.451741 -0.281305 -0.689650#
10:59:52.757:
$-0.265908 0.093755 0.959428 0.419641 0.586014 -0.104657 -0.900997#
10:59:54.788:
$-0.217913 0.160239 0.962724 0.563916 0.493437 -0
10:59:54.804:
.332173 -0.725180#
10:59:56.835:
$-0.239198 0.137288 0.961216 0.487007 0.5
10:59:56.851:
65687 -0.280737 -0.771957#
10:59:58.882:
$-0.262948 0.092437 0.960372 0.
10:59:58.898:
440921 0.552772 -0.076007 -0.917685#
11:00:00.930:
$-0.215239 0.125456 0.96
11:00:00.946:
8470 0.510114 0.442502 -0.191460 -0.761157#
11:00:02.977:
$-0.209003 0.1
11:00:02.993:
51162 0.966161 0.520104 0.486955 -0.325226 -0.681833#
11:00:05.024:
$-0.21
11:00:05.045:
9694 0.156246 0.962975 0.552735 0.498431 -0.321022 -0.730144#
11:00:07.076:
$-0.248175 0.123324 0.960833 0.495518 0.543229 -0.1941
11:00:07.092:
34 -0.844614#
11:00:09.123:
$-0.268744 0.103683 0.957615 0.477355 0.56398
11:00:09.139:
8 -0.102461 -0.938882#
11:00:11.171:
$-0.214747 0.165754 0.962502 0.560965
11:00:11.187:
 0.502954 -0.365964 -0.697955#
11:00:13.218:
$-0.257492 0.100305 0.961060
11:00:13.234:
 0.458321 0.542116 -0.102607 -0.897830#
11:00:15.265:
$-0.225441 0.141423
11:00:15.281:
 0.963938 0.478183 0.547607 -0.312683 -0.713106#
11:00:17.312:
$-0.321341
11:00:17.328:
 0.102510 0.941399 0.372946 0.812184 -0.200313 -0.984817#
11:00:19.360:
$-
11:00:19.381:
0.281817 0.086774 0.955536 0.421056 0.609562 -0.064204 -0.966414#
11:00:21.412:
$-0.227629 0.146872 0.962608 0.508556 0.538587 -0.3
11:00:21.428:
12780 -0.734362#
11:00:23.459:
$-0.245956 0.126014 0.961055 0.460930 0.579
11:00:23.475:
137 -0.243767 -0.796301#
11:00:25.506:
$-0.180945 0.160641 0.970285 0.551
11:00:25.522:
237 0.403871 -0.347098 -0.608010#
11:00:27.554:
$-0.315794 0.071383 0.946
11:00:27.570:
139 0.343601 0.738985 -0.055588 -1.026998#
11:00:29.601:
$-0.221634 0.134
11:00:29.617:
334 0.965833 0.491054 0.504270 -0.260169 -0.735155#