18:05:12.372:
$-0.002286 0.001006 0.9
18:05:12.388:
99997 0.009889 -0.000686 0.004266 -0.013469#
18:05:14.393:
$-0.002283 0.001037 0.999997 0.010117 -0.000833 0.004316 -0.013600#
18:05:16.375:
$-0.002303 0.001051 0.9
18:05:16.391:
99997 0.010090 -0.000712 0.004212 -0.013590#
18:05:18.394:
$-0.002287 0.001035 0.999997 0.010067 -0.000779 0.004281 -0.013569#
18:05:20.377:
$-0.002300 0.000986 0
18:05:20.393:
.999997 0.009965 -0.000777 0.004452 -0.013640#
18:05:22.398:
$-0.002304 0.001026 0.999997 0.010043 -0.000732 0.004307 -0.013619#
18:05:24.380:
$-0.002284 0.001006 0
18:05:24.396:
.999997 0.009956 -0.000755 0.004330 -0.013531#
18:05:26.400:
$-0.002317 0.001038 0.999997 0.010030 -0.000650 0.004225 -0.013605#
18:05:28.383:
$-0.002250 0.000979
18:05:28.399:
 0.999997 0.009851 -0.000825 0.004379 -0.013405#
18:05:30.403:
$-0.002283 0.001020 0.999997 0.009982 -0.000748 0.004279 -0.013514#
18:05:32.385:
$-0.002286 0.00102
18:05:32.401:
2 0.999997 0.009871 -0.000621 0.004158 -0.013408#
18:05:34.405:
$-0.002267 0.001021 0.999997 0.009979 -0.000786 0.004271 -0.013464#
18:05:36.388:
$-0.002286 0.000
18:05:36.404:
976 0.999997 0.009908 -0.000787 0.004449 -0.013570#
18:05:38.408:
$-0.002250 0.000993 0.999997 0.009890 -0.000822 0.004339 -0.013407#
18:05:40.391:
$-0.002261 0.001
18:05:40.407:
004 0.999997 0.009924 -0.000795 0.004311 -0.013440#
18:05:42.412:
$-0.002301 0.001036 0.999997 0.010006 -0.000677 0.004214 -0.013544#
18:05:44.395:
$-0.002284 0.001006 0.999997
18:05:44.411:
 0.009867 -0.000668 0.004242 -0.013442#
18:05:46.414:
$-0.002293 0.001039 0.999997 0.010015 -0.000698 0.004203 -0.013520#
18:05:48.396:
$-0.002213 0.00102
18:05:48.412:
2 0.999997 0.009917 -0.000871 0.004204 -0.013249#
18:05:50.417:
$-0.002262 0.001031 0.999997 0.009982 -0.000774 0.004216 -0.013425#
18:05:52.399:
$-0.002290 0.00099
18:05:52.415:
3 0.999997 0.009917 -0.000737 0.004365 -0.013545#
18:05:54.419:
$-0.002263 0.001010 0.999997 0.009837 -0.000686 0.004190 -0.013342#
18:05:56.402:
$-0.002253 0.00103
18:05:56.418:
4 0.999997 0.010062 -0.000872 0.004280 -0.013470#