$-0.002224 0.000998 0.999997 0.009834 -0.000826 0.004254 -0.013262#
$-0.002256 0.001008 0.999997 0.009910 -0.000784 0.004273 -0.013399#
$-0.002283 0.001008 0.999997 0.009887 -0.000686 0.004252 -0.013453#
$-0.002271 0.001020 0.999997 0.009829 -0.000626 0.004122 -0.013325#
$-0.002270 0.001001 0.999997 0.009846 -0.000701 0.004248 -0.013393#
$-0.002284 0.001019 0.999997 0.009871 -0.000636 0.004171 -0.013407#
$-0.002266 0.001022 0.999997 0.009997 -0.000803 0.004281 -0.013476#
$-0.002293 0.001018 0.999997 0.010004 -0.000747 0.004313 -0.013569#
$-0.002288 0.001017 0.999997 0.009874 -0.000634 0.004187 -0.013427#
$-0.002257 0.001001 0.999997 0.009817 -0.000706 0.004218 -0.013329#
$-0.002289 0.001009 0.999997 0.009876 -0.000653 0.004231 -0.013454#
$-0.002308 0.001016 0.999997 0.009937 -0.000644 0.004256 -0.013549#
$-0.002266 0.000990 0.999997 0.009752 -0.000649 0.004219 -0.013322#
$-0.002300 0.001006 0.999997 0.009845 -0.000601 0.004221 -0.013466#
$-0.002261 0.001025 0.999997 0.009831 -0.000643 0.004100 -0.013288#
$-0.002294 0.001012 0.999997 0.009892 -0.000647 0.004230 -0.013475#
$-0.002277 0.000998 0.999997 0.009842 -0.000684 0.004261 -0.013418#
$-0.002268 0.000990 0.999997 0.009822 -0.000713 0.004286 -0.013396#
$-0.002275 0.001010 0.999997 0.009777 -0.000590 0.004127 -0.013314#
$-0.002245 0.000959 0.999997 0.009718 -0.000759 0.004354 -0.013314#
$-0.002243 0.001008 0.999997 0.009823 -0.000733 0.004186 -0.013276#
$-0.002251 0.001029 0.999997 0.009932 -0.000762 0.004179 -0.013349#
$-0.002265 0.001006 0.999997 0.009851 -0.000705 0.004225 -0.013371#
$-0.002274 0.001027 0.999997 0.009923 -0.000693 0.004178 -0.013409#
$-0.002269 0.000990 0.999997 0.009946 -0.000832 0.004407 -0.013521#
$-0.002216 0.001004 0.999997 0.009849 -0.000846 0.004237 -0.013241#
$-0.002255 0.001003 0.999997 0.009858 -0.000748 0.004250 -0.013360#
$-0.002257 0.001005 0.999997 0.009992 -0.000871 0.004371 -0.013492#
$-0.002249 0.001037 0.999997 0.010072 -0.000882 0.004272 -0.013462#
$-0.002244 0.001006 0.999997 0.009903 -0.000815 0.004276 -0.013364#
$-0.002257 0.000988 0.999997 0.009884 -0.000809 0.004358 -0.013433#
$-0.002248 0.001003 0.999997 0.009842 -0.000751 0.004233 -0.013324#
$-0.002248 0.001002 0.999997 0.009877 -0.000792 0.004276 -0.013361#
$-0.002257 0.000980 0.999997 0.009813 -0.000760 0.004331 -0.013384#
$-0.002269 0.001012 0.999997 0.009874 -0.000699 0.004214 -0.013389#
$-0.002258 0.001025 0.999997 0.009918 -0.000737 0.004186 -0.013366#
