0.068664
-0.157776
0.321159
-0.238494
-0.004234
0.257186
-0.307388
0.150604
0.128250
-0.301818
0.270271
-0.027847
-0.222854
0.323333
-0.177383
-0.084495
0.297317
-0.282936
0.074806
0.199585
-0.317382
0.217704
0.052147
-0.271453
0.306472
-0.106048
-0.158195
0.320548
-0.237121
-0.004730
0.256881
-0.309295
0.151558
0.129928
-0.303573
0.270805
-0.027809
-0.221519
0.323448
-0.177841
-0.084915
0.298232
-0.282134
0.075302
0.199241
-0.316467
0.217781
0.053062
-0.270996
0.306358
-0.105781
-0.157165
0.320892
-0.237655
-0.004044
0.257873
-0.309333
0.150909
0.131263
-0.303802
0.269660
-0.025787
-0.221633
0.323524
-0.176658
-0.083656
0.298576
-0.283126
0.074272
0.199585
-0.316085
0.216598
0.052986
-0.270881
0.305900
-0.106849
-0.157356
0.321464
-0.237350
-0.005035
0.256233
-0.309486
0.151291
0.130081
-0.304107
0.270690
-0.025825
-0.221366
0.323295
-0.175666
-0.083084
0.298385
-0.282058
0.076370
0.200195
-0.317191
0.216674
0.052948
-0.271568
0.307311
-0.106392
-0.158729
0.321044
-0.237197
-0.003853
0.257186
-0.309409
0.152054
0.130234
-0.304298
0.269165
-0.026970
-0.221824
0.323486
-0.176582
-0.084457
0.305786
-0.106621
-0.158958
0.322112
-0.237922
-0.005264
0.257453
-0.309829
0.150680
0.130577
-0.303077
0.270347
-0.027046
-0.221252
0.324249
-0.176925
-0.084686
0.298347
-0.282669
0.075416
0.199699
-0.316085
0.218238
0.053139
-0.271148
0.307121
-0.105438
-0.157127
0.320091
-0.238494
-0.004997
0.256958
-0.309753
0.150604
0.130806
-0.303573
0.270004
-0.026016
-0.221633
0.323104
-0.176849
-0.082931
0.297737
-0.282478
0.074882
0.199737
-0.315856
0.218124
0.052757
-0.270080
0.306968
-0.106087
-0.158157
0.321769
-0.236816
-0.004387
0.256385
-0.310287
0.151939
0.130653
-0.303916
0.271110
-0.026703
-0.222129
0.324210
-0.176277
-0.084343
0.298156
-0.282249
0.076141
0.199470
-0.316619
0.217666
0.052605
-0.270614
0.307044
-0.105820
-0.158386
0.321655
-0.236358
-0.004272
0.257415
-0.308875
0.152359
0.130119
-0.303878
0.270767
-0.027122
-0.222091
0.321311
-0.178222
-0.082702
0.298156
-0.283317
0.076256
0.199737
-0.317611
0.216751
0.052719
-0.271606
0.307159
-0.105972
-0.158043
0.321464
-0.236778
-0.004654
0.255966
-0.307960
0.151939
0.128746
-0.302886
0.271186
-0.027542
-0.223007
0.323219
-0.176162
-0.083313
0.297317
-0.282630
0.076485
0.199966
-0.316581
0.217323
0.052452
-0.271491
0.306281
-0.106888
-0.158615
0.321082
-0.237655
-0.003853
0.258369
-0.309944
0.152588
0.130768
-0.303382
0.270309
-0.027237
-0.221328
0.323028
-0.178032
-0.083771
0.297317
-0.282745
0.075989
0.200653
-0.317001
0.217018
0.053940
-0.271110
0.306548
-0.106506
-0.157356
0.320587
-0.238227
-0.004616
0.257720
-0.309295
0.152282
0.131149
-0.303497
0.270538
-0.026321
-0.221214
0.322913
-0.176811
-0.083160
0.296897
-0.283927
0.075188
0.200615
-0.316047
0.216903
0.053444
-0.271301
0.306472
-0.105514
-0.158043
0.320472
-0.237159
-0.003700
0.256538
-0.309600
0.152092
0.130768
-0.302162
0.270919
-0.027389
-0.221824
0.324783
-0.177078
-0.084152
0.296516
-0.282325
0.077400
0.198097
-0.316924
0.218238
0.053253
-0.273094
0.306816
-0.106392
-0.158500
0.319099
-0.238075
-0.004654
0.256767
-0.308799
0.151214
0.130195
-0.303497
0.270690
-0.027389
-0.220336
0.323638
-0.177498
-0.082779
0.299148
-0.283164
0.077057
0.200576
-0.317001
0.216522
0.053139
-0.271797
0.306205
-0.106315
-0.157661
0.320701
-0.237960
-0.004807
0.256767
-0.308723
0.151100
0.129089
-0.302581
0.270042
-0.028763
-0.220871
0.324630
-0.178566
-0.083008
0.298538
-0.282859
0.076485
0.199279
-0.316924
0.217475
0.053329
-0.271530
0.305519
-0.105972
-0.157547
0.321426
-0.237121
-0.004196
0.256462
-0.308875
0.151367
0.129204
-0.303573
0.271224
-0.029182
-0.221061
0.323486
-0.177459
-0.082817
0.298042
-0.282211
0.076561
0.198898
-0.316200
0.217857
0.051651
-0.271682
0.306434
-0.107078
-0.157890
0.319824
-0.238494
-0.004921
0.255012
-0.309295
0.150909
0.128822
-0.303993
0.270385
-0.028152
-0.222206
0.324134
-0.177650
-0.083389
0.298042
-0.282821
0.075836
0.199813
-0.316162
0.217514
0.051803
-0.271606
0.306892
-0.106773
-0.158271
0.320053
-0.237922
-0.003891
0.256805
-0.310172
0.151100
0.130310
-0.303077
0.269889
-0.028343
-0.221595
0.324058
-0.177612
-0.083694
0.298347
-0.282516
0.075874
0.199165
-0.315322
0.219268
0.052719
-0.270385
0.308303
-0.104446
-0.157699
0.322151
-0.237045
-0.002670
0.256729
-0.308914
0.152664
0.130577
-0.303153
0.271949
-0.027580
-0.221443
0.325660
-0.177650
-0.083923
0.297851
-0.281181
0.076866
0.199318
-0.316276
0.218544
0.052566
-0.271301
0.306968
-0.106010
-0.157852
0.321693
-0.236320
-0.003510
0.256576
-0.308494
0.152359
0.129661
-0.304412
0.271186
-0.028114
-0.221519
0.323715
-0.177192
-0.083389
0.297202
-0.282058
0.077171
0.198860
-0.317230
0.219001
0.052986
-0.270652
0.306625
-0.105018
-0.156593
0.320777
-0.237579
-0.003777
0.256080
-0.309066
0.151863
0.129394
-0.303802
0.270690
-0.027122
-0.221862
0.322875
-0.177498
-0.082970
0.297164
-0.282936
0.075836
0.198745
-0.316924
0.218162
0.052986
-0.271491
0.306358
-0.106087
-0.156517
0.319938
-0.237731
-0.002899
0.256576
-0.309066
0.151558
0.129699
-0.303420
0.270538
-0.027771
-0.221099
0.323791
-0.177116
-0.082435
0.298309
-0.283203
0.077171
0.199356
-0.316963
0.218429
0.052490
-0.271453
0.306472
-0.106468
-0.158119
0.320434
-0.237655
-0.003281
0.255622
-0.308456
0.151252
0.130043
-0.303420
0.270156
-0.027199
-0.220565
0.324172
-0.177612
-0.082474
0.297660
-0.282363
0.076179
0.199279
-0.316085
0.217056
0.052757
-0.270538
0.305786
-0.106773
-0.156898
0.320587
-0.238418
-0.004158
0.256843
-0.309829
0.151481
0.129280
-0.304031
0.271949
-0.027275
-0.221977
0.324287
-0.177574
-0.083542
0.297279
-0.280952
0.075912
0.197296
-0.317344
0.218887
0.052490
-0.272216
0.305976
-0.105972
-0.158043
0.319404
-0.238838
-0.003242
0.256576
-0.311012
0.150909
0.129432
-0.304031
0.271186
-0.028801
-0.220756
0.323715
-0.176925
-0.083618
0.298156
-0.282173
0.076256
0.199623
-0.316162
0.217475
0.053177
-0.270690
0.306587
-0.106506
-0.157165
0.319671
-0.238533
-0.004349
0.256805
-0.310096
0.151024
0.129623
-0.304107
0.270576
-0.028381
-0.221786
0.324630
-0.178337
-0.084190
0.298690
-0.283927
0.075874
0.198288
-0.316772
0.218391
0.052795
-0.269203
0.306816
-0.104828
-0.155945
0.320777
-0.237770
-0.003395
0.257186
-0.308761
0.151787
0.129738
-0.303840
0.269966
-0.028953
-0.222015
0.323486
-0.178260
-0.083542
0.297965
-0.282783
0.076179
0.199356
-0.316429
0.218200
0.051803
-0.271186
0.307159
-0.106849
-0.157280
0.321540
-0.237960
-0.003204
0.256614
-0.310096
0.152130
0.130272
-0.303459
0.270423
-0.026665
-0.220375
0.324401
-0.177536
-0.082970
0.298690
-0.282897
0.076179
0.199623
-0.316429
0.217666
0.053024
-0.270500
0.306930
-0.106621
-0.155716
0.320854
-0.238685
-0.003471
0.256767
-0.309333
0.151367
0.129242
-0.303192
0.271568
-0.029182
-0.221519
0.324249
-0.177879
-0.083809
0.298271
-0.282936
0.076027
0.198784
-0.315971
0.217399
0.051002
-0.270423
0.307769
-0.106621
-0.156669
0.320777
-0.236930
-0.003090
0.256652
-0.308494
0.152435
0.130386
-0.303687
0.271110
-0.028191
-0.221595
0.323486
-0.178032
-0.083694
0.297126
-0.283470
0.076790
0.198784
-0.316657
0.218772
0.052643
-0.269966
0.306167
-0.106087
-0.155525
0.319518
-0.238075
-0.002594
0.256958
-0.310706
0.151977
0.129890
-0.302925
0.270233
-0.028610
-0.221824
0.323829
-0.177917
-0.083008
0.297355
-0.282554
0.076408
0.199890
-0.316238
0.217704
0.052948
-0.270385
0.306358
-0.106315
-0.156974
0.319900
-0.238189
-0.004425
0.255737
-0.309333
0.151291
0.129585
-0.302467
0.270271
-0.029106
-0.220565
0.323829
-0.178299
-0.082779
0.298118
-0.282707
0.077057
0.199813
-0.316085
0.218048
0.052185
-0.270576
0.307578
-0.106849
-0.156974
0.320510
-0.238494
-0.003052
0.256271
-0.309333
0.150985
0.129699
-0.302352
0.271072
-0.029259
-0.220642
0.324935
-0.177726
-0.083237
0.298423
-0.282325
0.076256
0.198631
-0.315475
0.218505
0.051536
-0.271186
0.307426
-0.106010
-0.157318
0.321159
-0.237731
-0.003738
0.256385
-0.309181
0.152168
0.128860
-0.302581
0.271415
-0.028915
-0.221214
0.323943
-0.178146
-0.083351
0.298423
-0.283050
0.077171
0.198249
-0.316772
0.218849
0.052261
-0.270881
0.306320
-0.104942
-0.156440
0.320968
-0.238304
-0.002785
0.257186
-0.309867
0.152282
0.129890
-0.303268
0.269851
-0.027885
-0.221252
0.323142
-0.178299
-0.082092
0.297164
-0.282554
0.076294
0.199737
-0.316734
0.217743
0.052795
-0.270271
0.306320
-0.107193
-0.155830
0.321044
-0.238647
-0.003662
0.256118
-0.309409
0.150451
0.128441
-0.302734
0.270614
-0.029449
-0.220222
0.323181
-0.177993
-0.082626
0.298194
-0.282630
0.077438
0.199318
-0.316467
0.218162
0.052566
-0.270423
0.306777
-0.107078
-0.157699
0.320014
-0.238342
-0.004158
0.255813
-0.309104
0.152511
0.129738
-0.303039
0.271873
-0.027466
-0.220604
0.323905
-0.178146
-0.082321
0.297393
-0.282363
0.076828
0.198669
-0.317726
0.218849
0.052605
-0.271110
0.306320
-0.106697
-0.156135
0.320625
-0.238418
-0.003090
0.256729
-0.309448
0.151825
0.130081
-0.302352
0.270729
-0.028114
-0.220108
0.323829
-0.177917
-0.082817
0.298309
-0.282783
0.076637
0.198669
-0.315894
0.218505
0.052147
-0.270309
0.307235
-0.106468
-0.156479
0.321197
-0.238723
-0.003700
0.257034
-0.309448
0.152130
0.129280
-0.303649
0.270957
-0.028877
-0.221977
0.323791
-0.178413
-0.084305
0.297393
-0.282630
0.076828
0.198021
-0.316200
0.218544
0.052376
-0.271644
0.307960
-0.106048
-0.156746
0.320281
-0.237579
-0.002518
0.256538
-0.309104
0.153198
0.130119
-0.303039
0.271034
-0.028229
-0.220756
0.323371
-0.177726
-0.081901
0.296745
-0.283012
0.076866
0.198516
-0.316924
0.219192
0.051880
-0.270233
0.305862
-0.105743
-0.156898
0.319213
-0.237426
-0.003242
0.255432
-0.309944
0.152130
